2024-02-22T19:23:27.634Z [error]: Uncaught Exception: ReferenceError: newAccount is not defined
2024-02-22T19:24:01.496Z [error]: Uncaught Exception: Error [ERR_HTTP_HEADERS_SENT]: Cannot set headers after they are sent to the client
2024-02-22T19:24:49.804Z [error]: Uncaught Exception: ReferenceError: newAccount is not defined
2024-02-22T19:25:35.711Z [error]: Uncaught Exception: Error [ERR_HTTP_HEADERS_SENT]: Cannot set headers after they are sent to the client
2024-02-22T19:25:57.309Z [error]: Uncaught Exception: Error [ERR_HTTP_HEADERS_SENT]: Cannot set headers after they are sent to the client
2024-02-22T19:49:11.492Z [error]: Uncaught Exception: ReferenceError: Cannot access 'username' before initialization
2024-02-22T19:51:27.386Z [error]: Uncaught Exception: ReferenceError: Cannot access 'username' before initialization
2024-02-22T19:52:17.421Z [error]: Uncaught Exception: ReferenceError: Cannot access 'username' before initialization
2024-02-22T19:53:33.840Z [error]: Uncaught Exception: ReferenceError: obj is not defined
2024-02-22T19:59:35.116Z [error]: Uncaught Exception: ReferenceError: username is not defined
2024-02-22T20:04:37.001Z [error]: Uncaught Exception: ReferenceError: username is not defined
2024-02-22T20:06:24.230Z [error]: Uncaught Exception: ReferenceError: username is not defined
2024-02-22T20:06:53.237Z [error]: Uncaught Exception: ReferenceError: username is not defined
2024-02-22T20:07:17.082Z [error]: Uncaught Exception: ReferenceError: username is not defined
2024-02-29T20:18:28.274Z [info]: POST: account/register
2024-02-29T20:19:25.551Z [info]: POST: account/login
2024-02-29T20:19:48.067Z [info]: POST: account/login
2024-02-29T20:19:48.246Z [warn]:    POST failed: Username and password don't match!
2024-02-29T20:19:53.938Z [info]: POST: account/login
2024-02-29T20:19:54.044Z [warn]:    POST failed: No such username registered.
2024-02-29T20:20:15.914Z [info]: POST: account/ticket/submit
2024-02-29T20:28:20.704Z [info]: POST: account/login
2024-02-29T20:28:47.745Z [info]: POST: account/login
2024-02-29T20:28:57.223Z [info]: POST: account/login
2024-02-29T20:28:57.393Z [warn]: u:bigdude1000:   POST failed: Username and password don't match!
2024-02-29T20:29:10.917Z [info]: POST: account/login
2024-02-29T20:29:11.074Z [warn]: u:bigdude1000:   POST failed: Username and password don't match!
2024-02-29T20:29:11.987Z [info]: POST: account/login
2024-02-29T20:29:12.153Z [warn]: u:bigdude1000:   POST failed: Username and password don't match!
2024-02-29T20:29:18.404Z [info]: POST: account/login
2024-02-29T20:29:18.503Z [warn]: u:bigfella1234:   POST failed: No such username registered.
2024-02-29T20:29:56.980Z [info]: POST: account/ticket/submit
2024-02-29T20:30:26.536Z [warn]:    Unauthed Access: No token?
2024-02-29T20:30:29.853Z [info]: GET: account/ticket/list
2024-02-29T20:30:46.279Z [info]: GET: manager/ticket/list
2024-02-29T20:30:55.122Z [info]: GET: manager/ticket/list
2024-02-29T20:31:20.867Z [info]: POST: account/login
2024-02-29T20:31:36.425Z [info]: GET: manager/ticket/list
2024-02-29T20:31:36.425Z [warn]: u:john_doe:   GET failed, user not a manager!
2024-02-29T20:33:12.567Z [info]: GET: manager/ticket/list
2024-02-29T20:33:12.570Z [warn]: u:john_doe:   
            GET failed, user not a manager!
2024-02-29T20:33:22.643Z [info]: POST: account/login
2024-02-29T20:33:23.110Z [warn]: u:bigdude1000:   
            POST failed: Username and password don't match!
2024-02-29T20:33:27.662Z [info]: POST: account/login
2024-02-29T20:33:27.757Z [warn]: u:bigfella1234:   
            POST failed: No such username registered.
2024-02-29T20:33:30.381Z [info]: PUT: manager/ticket
2024-02-29T20:33:30.382Z [warn]: u:john_doe:   
            PUT failed, user not a manager!
2024-02-29T20:33:46.625Z [info]: PUT: manager/ticket
2024-02-29T20:33:48.651Z [info]: PUT: manager/ticket
2024-02-29T20:33:48.745Z [warn]: u:w1ldch1ld:   
            PUT failed: Couldn't find that ticket in the database.
2024-02-29T20:33:51.775Z [info]: POST: account/login
2024-03-01T15:03:26.769Z [info]: POST: account/register
2024-03-01T15:03:27.180Z [warn]:    
            POST failed: Username taken!
2024-03-01T15:25:57.950Z [info]: POST: account/login
2024-03-01T15:25:57.957Z [warn]: u::   
            POST failed: Missing username or password.
